<?xml version="1.0" encoding="UTF-8"?>
<!-- Generated by org.testng.reporters.JUnitReportReporter -->
<testsuite hostname="SUBHASHA-PC" name="com.jbk.owp.test.UsefulLinksTest" tests="5" failures="0" timestamp="2 Feb 2020 17:54:48 GMT" time="23.623" errors="0">
  <testcase name="SeleniumInterview" time="5.651" classname="com.jbk.owp.test.UsefulLinksTest"/>
  <testcase name="JavaInterview" time="5.399" classname="com.jbk.owp.test.UsefulLinksTest"/>
  <testcase name="VideoLactures" time="5.470" classname="com.jbk.owp.test.UsefulLinksTest"/>
  <testcase name="Courses" time="5.854" classname="com.jbk.owp.test.UsefulLinksTest"/>
  <testcase name="VerifySchedule" time="1.249" classname="com.jbk.owp.test.UsefulLinksTest"/>
</testsuite> <!-- com.jbk.owp.test.UsefulLinksTest -->
