<?xml version="1.0" encoding="UTF-8"?>
<!-- Generated by org.testng.reporters.JUnitReportReporter -->
<testsuite hostname="SUBHASHA-PC" name="com.jbk.owp.test.UsefulLinksTest" tests="6" failures="0" timestamp="5 Feb 2020 09:53:15 GMT" time="44.264" errors="0">
  <testcase name="JavaInterviewTab" time="0.245" classname="com.jbk.owp.test.UsefulLinksTest"/>
  <testcase name="VideoLacturesTab" time="10.587" classname="com.jbk.owp.test.UsefulLinksTest"/>
  <testcase name="SeleniumInterview" time="10.440" classname="com.jbk.owp.test.UsefulLinksTest"/>
  <testcase name="PlacemntTab" time="5.870" classname="com.jbk.owp.test.UsefulLinksTest"/>
  <testcase name="VerifyScheduleTab" time="11.422" classname="com.jbk.owp.test.UsefulLinksTest"/>
  <testcase name="CoursesTab" time="5.700" classname="com.jbk.owp.test.UsefulLinksTest"/>
</testsuite> <!-- com.jbk.owp.test.UsefulLinksTest -->
