<?xml version="1.0" encoding="UTF-8"?>
<!-- Generated by org.testng.reporters.JUnitReportReporter -->
<testsuite hostname="SUBHASHA-PC" name="com.jbk.owp.test.RegisterMemberPageTest" tests="8" failures="0" timestamp="5 Feb 2020 02:52:49 GMT" time="6.198" errors="0">
  <testcase name="verifyAlreadyMembershipLink" time="0.326" classname="com.jbk.owp.test.RegisterMemberPageTest"/>
  <testcase name="verifyPlaceholderName" time="1.452" classname="com.jbk.owp.test.RegisterMemberPageTest"/>
  <testcase name="verifyRegisterMemberlink" time="0.867" classname="com.jbk.owp.test.RegisterMemberPageTest"/>
  <testcase name="verifyPlaceholderMobile" time="0.133" classname="com.jbk.owp.test.RegisterMemberPageTest"/>
  <testcase name="verifyPlaceholderPassword" time="0.100" classname="com.jbk.owp.test.RegisterMemberPageTest"/>
  <testcase name="verifyRegisterMemberValidinfo" time="2.926" classname="com.jbk.owp.test.RegisterMemberPageTest"/>
  <testcase name="verifyTitle" time="0.070" classname="com.jbk.owp.test.RegisterMemberPageTest"/>
  <testcase name="verifyPlaceholderEmail" time="0.324" classname="com.jbk.owp.test.RegisterMemberPageTest"/>
</testsuite> <!-- com.jbk.owp.test.RegisterMemberPageTest -->
