<?xml version="1.0" encoding="UTF-8"?>
<!-- Generated by org.testng.reporters.JUnitReportReporter -->
<testsuite hostname="SUBHASHA-PC" name="com.jbk.owp.test.UsersTest" tests="2" failures="0" timestamp="5 Feb 2020 09:53:15 GMT" time="25.742" errors="0">
  <testcase name="getTableData" time="22.639" classname="com.jbk.owp.test.UsersTest"/>
  <testcase name="VerifyDelete" time="3.103" classname="com.jbk.owp.test.UsersTest"/>
</testsuite> <!-- com.jbk.owp.test.UsersTest -->
