<?xml version="1.0" encoding="UTF-8"?>
<!-- Generated by org.testng.reporters.JUnitReportReporter -->
<testsuite skipped="0" hostname="SUBHASHA-PC" name="com.jbk.owp.test.RegisterMemberPageTest" tests="9" failures="0" timestamp="07 Jan 2020 07:03:33 GMT" time="1.535" errors="0">
  <testcase name="verifyRegisterMemberlink" time="0.178" classname="com.jbk.owp.test.RegisterMemberPageTest"/>
  <testcase name="verifyHeading" time="0.026" classname="com.jbk.owp.test.RegisterMemberPageTest"/>
  <testcase name="verifyPlaceholderName" time="0.028" classname="com.jbk.owp.test.RegisterMemberPageTest"/>
  <testcase name="verifyPlaceholderMobile" time="0.028" classname="com.jbk.owp.test.RegisterMemberPageTest"/>
  <testcase name="verifyPlaceholderEmail" time="0.029" classname="com.jbk.owp.test.RegisterMemberPageTest"/>
  <testcase name="verifyPlaceholderPassword" time="0.021" classname="com.jbk.owp.test.RegisterMemberPageTest"/>
  <testcase name="verifyRegistermemberBlankinfo" time="0.482" classname="com.jbk.owp.test.RegisterMemberPageTest"/>
  <testcase name="verifyErrorMessageRegistermember" time="0.310" classname="com.jbk.owp.test.RegisterMemberPageTest"/>
  <testcase name="verifyRegisterMemberValidinfo" time="0.433" classname="com.jbk.owp.test.RegisterMemberPageTest"/>
</testsuite> <!-- com.jbk.owp.test.RegisterMemberPageTest -->
