<?xml version="1.0" encoding="UTF-8"?>
<!-- Generated by org.testng.reporters.JUnitReportReporter -->
<testsuite skipped="0" hostname="SUBHASHA-PC" name="com.jbk.owp.test.RegisterMemberPageTest" tests="9" failures="0" timestamp="07 Jan 2020 09:19:32 GMT" time="1.287" errors="0">
  <testcase name="verifyRegisterMemberlink" time="0.140" classname="com.jbk.owp.test.RegisterMemberPageTest"/>
  <testcase name="verifyHeading" time="0.007" classname="com.jbk.owp.test.RegisterMemberPageTest"/>
  <testcase name="verifyPlaceholderName" time="0.026" classname="com.jbk.owp.test.RegisterMemberPageTest"/>
  <testcase name="verifyPlaceholderMobile" time="0.020" classname="com.jbk.owp.test.RegisterMemberPageTest"/>
  <testcase name="verifyPlaceholderEmail" time="0.020" classname="com.jbk.owp.test.RegisterMemberPageTest"/>
  <testcase name="verifyPlaceholderPassword" time="0.023" classname="com.jbk.owp.test.RegisterMemberPageTest"/>
  <testcase name="verifyRegistermemberBlankinfo" time="0.415" classname="com.jbk.owp.test.RegisterMemberPageTest"/>
  <testcase name="verifyErrorMessageRegistermember" time="0.276" classname="com.jbk.owp.test.RegisterMemberPageTest"/>
  <testcase name="verifyRegisterMemberValidinfo" time="0.360" classname="com.jbk.owp.test.RegisterMemberPageTest"/>
</testsuite> <!-- com.jbk.owp.test.RegisterMemberPageTest -->
