<?xml version="1.0" encoding="UTF-8"?>
<!-- Generated by org.testng.reporters.JUnitReportReporter -->
<testsuite hostname="SUBHASHA-PC" name="com.jbk.owp.test.AddUserPageTest" tests="2" failures="0" timestamp="5 Feb 2020 09:53:15 GMT" time="11.855" errors="0">
  <testcase name="VerifyCancel" time="5.306" classname="com.jbk.owp.test.AddUserPageTest"/>
  <testcase name="Fill_Form" time="6.549" classname="com.jbk.owp.test.AddUserPageTest"/>
</testsuite> <!-- com.jbk.owp.test.AddUserPageTest -->
