<?xml version="1.0" encoding="UTF-8"?>
<!-- Generated by org.testng.reporters.JUnitReportReporter -->
<testsuite skipped="0" hostname="SUBHASHA-PC" name="com.jbk.owp.test.LoginPageTest" tests="11" failures="0" timestamp="01 Jan 2020 13:56:24 GMT" time="2.468" errors="0">
  <testcase name="verifyUrl" time="0.019" classname="com.jbk.owp.test.LoginPageTest"/>
  <testcase name="verifyApplicationTitle" time="0.004" classname="com.jbk.owp.test.LoginPageTest"/>
  <testcase name="verifyTitle" time="0.024" classname="com.jbk.owp.test.LoginPageTest"/>
  <testcase name="verifyloginsesion" time="0.015" classname="com.jbk.owp.test.LoginPageTest"/>
  <testcase name="verifyPlaceHolderUsername" time="0.038" classname="com.jbk.owp.test.LoginPageTest"/>
  <testcase name="verifyPlaceHolderPassword" time="0.031" classname="com.jbk.owp.test.LoginPageTest"/>
  <testcase name="verifyButtoncolor" time="0.155" classname="com.jbk.owp.test.LoginPageTest"/>
  <testcase name="verifyLinks" time="0.025" classname="com.jbk.owp.test.LoginPageTest"/>
  <testcase name="Login" time="0.306" classname="com.jbk.owp.test.LoginPageTest"/>
  <testcase name="Login" time="0.396" classname="com.jbk.owp.test.LoginPageTest"/>
  <testcase name="Login" time="1.455" classname="com.jbk.owp.test.LoginPageTest"/>
</testsuite> <!-- com.jbk.owp.test.LoginPageTest -->
