<?xml version="1.0" encoding="UTF-8"?>
<!-- Generated by org.testng.reporters.JUnitReportReporter -->
<testsuite skipped="0" hostname="SUBHASHA-PC" name="com.jbk.owp.test.LoginPageTest" tests="11" failures="0" timestamp="12 Jan 2020 13:41:09 GMT" time="4.226" errors="0">
  <testcase name="verifyUrl" time="0.015" classname="com.jbk.owp.test.LoginPageTest"/>
  <testcase name="verifyApplicationTitle" time="0.013" classname="com.jbk.owp.test.LoginPageTest"/>
  <testcase name="verifyTitle" time="0.034" classname="com.jbk.owp.test.LoginPageTest"/>
  <testcase name="verifyloginsesion" time="0.020" classname="com.jbk.owp.test.LoginPageTest"/>
  <testcase name="verifyPlaceHolderUsername" time="0.038" classname="com.jbk.owp.test.LoginPageTest"/>
  <testcase name="verifyPlaceHolderPassword" time="0.027" classname="com.jbk.owp.test.LoginPageTest"/>
  <testcase name="verifyButtoncolor" time="0.319" classname="com.jbk.owp.test.LoginPageTest"/>
  <testcase name="verifyLinks" time="0.092" classname="com.jbk.owp.test.LoginPageTest"/>
  <testcase name="Login" time="0.447" classname="com.jbk.owp.test.LoginPageTest"/>
  <testcase name="Login" time="2.786" classname="com.jbk.owp.test.LoginPageTest"/>
  <testcase name="Login" time="0.435" classname="com.jbk.owp.test.LoginPageTest"/>
</testsuite> <!-- com.jbk.owp.test.LoginPageTest -->
