<?xml version="1.0" encoding="UTF-8"?>
<!-- Generated by org.testng.reporters.JUnitReportReporter -->
<testsuite skipped="0" hostname="SUBHASHA-PC" name="com.jbk.owp.test.LoginPageTest" tests="11" failures="0" timestamp="07 Jan 2020 07:03:33 GMT" time="2.624" errors="0">
  <testcase name="verifyUrl" time="0.006" classname="com.jbk.owp.test.LoginPageTest"/>
  <testcase name="verifyApplicationTitle" time="0.010" classname="com.jbk.owp.test.LoginPageTest"/>
  <testcase name="verifyTitle" time="0.023" classname="com.jbk.owp.test.LoginPageTest"/>
  <testcase name="verifyloginsesion" time="0.031" classname="com.jbk.owp.test.LoginPageTest"/>
  <testcase name="verifyPlaceHolderUsername" time="0.021" classname="com.jbk.owp.test.LoginPageTest"/>
  <testcase name="verifyPlaceHolderPassword" time="0.025" classname="com.jbk.owp.test.LoginPageTest"/>
  <testcase name="verifyButtoncolor" time="0.170" classname="com.jbk.owp.test.LoginPageTest"/>
  <testcase name="verifyLinks" time="0.062" classname="com.jbk.owp.test.LoginPageTest"/>
  <testcase name="Login" time="1.542" classname="com.jbk.owp.test.LoginPageTest"/>
  <testcase name="Login" time="0.314" classname="com.jbk.owp.test.LoginPageTest"/>
  <testcase name="Login" time="0.420" classname="com.jbk.owp.test.LoginPageTest"/>
</testsuite> <!-- com.jbk.owp.test.LoginPageTest -->
