<?xml version="1.0" encoding="UTF-8"?>
<!-- Generated by org.testng.reporters.JUnitReportReporter -->
<testsuite hostname="SUBHASHA-PC" name="com.jbk.owp.test.UsersTest" tests="2" failures="0" timestamp="5 Feb 2020 02:52:49 GMT" time="25.367" errors="0">
  <testcase name="VerifyDelete" time="2.714" classname="com.jbk.owp.test.UsersTest"/>
  <testcase name="getTableData" time="22.653" classname="com.jbk.owp.test.UsersTest"/>
</testsuite> <!-- com.jbk.owp.test.UsersTest -->
