<?xml version="1.0" encoding="UTF-8"?>
<!-- Generated by org.testng.reporters.JUnitReportReporter -->
<testsuite skipped="0" hostname="SUBHASHA-PC" name="com.jbk.owp.test.LoginPageTest" tests="11" failures="0" timestamp="07 Jan 2020 09:19:32 GMT" time="3.144" errors="0">
  <testcase name="verifyUrl" time="0.008" classname="com.jbk.owp.test.LoginPageTest"/>
  <testcase name="verifyApplicationTitle" time="0.005" classname="com.jbk.owp.test.LoginPageTest"/>
  <testcase name="verifyTitle" time="0.021" classname="com.jbk.owp.test.LoginPageTest"/>
  <testcase name="verifyloginsesion" time="0.014" classname="com.jbk.owp.test.LoginPageTest"/>
  <testcase name="verifyPlaceHolderUsername" time="0.018" classname="com.jbk.owp.test.LoginPageTest"/>
  <testcase name="verifyPlaceHolderPassword" time="0.018" classname="com.jbk.owp.test.LoginPageTest"/>
  <testcase name="verifyButtoncolor" time="0.145" classname="com.jbk.owp.test.LoginPageTest"/>
  <testcase name="verifyLinks" time="0.041" classname="com.jbk.owp.test.LoginPageTest"/>
  <testcase name="Login" time="2.222" classname="com.jbk.owp.test.LoginPageTest"/>
  <testcase name="Login" time="0.296" classname="com.jbk.owp.test.LoginPageTest"/>
  <testcase name="Login" time="0.356" classname="com.jbk.owp.test.LoginPageTest"/>
</testsuite> <!-- com.jbk.owp.test.LoginPageTest -->
