<?xml version="1.0" encoding="UTF-8"?>
<!-- Generated by org.testng.reporters.JUnitReportReporter -->
<testsuite hostname="SUBHASHA-PC" name="com.jbk.owp.test.DashboardPageTest" tests="37" failures="5" timestamp="2 Feb 2020 17:54:48 GMT" time="3.024" errors="0">
  <testcase name="downloads_Navigation_Spelling_Check" time="0.022" classname="com.jbk.owp.test.DashboardPageTest"/>
  <testcase name="dashboard_Main_Heading_Spell" time="0.016" classname="com.jbk.owp.test.DashboardPageTest"/>
  <testcase name="logouttabisdisplayed" time="0.040" classname="com.jbk.owp.test.DashboardPageTest"/>
  <testcase name="pullright_Heading_spell" time="0.017" classname="com.jbk.owp.test.DashboardPageTest"/>
  <testcase name="useful_Links_spell_Check" time="0.023" classname="com.jbk.owp.test.DashboardPageTest"/>
  <testcase name="User_Navigation_isdisplayed_Check" time="0.044" classname="com.jbk.owp.test.DashboardPageTest"/>
  <testcase name="user_img_isdisplayed" time="0.025" classname="com.jbk.owp.test.DashboardPageTest"/>
  <testcase name="usefulLinks_navigation_link_Check" time="0.030" classname="com.jbk.owp.test.DashboardPageTest"/>
  <testcase name="dashboard_Fotter_Spell" time="0.065" classname="com.jbk.owp.test.DashboardPageTest"/>
  <testcase name="user_Navigation_link_Check" time="0.027" classname="com.jbk.owp.test.DashboardPageTest"/>
  <testcase name="CheckMainNavigationText" time="0.089" classname="com.jbk.owp.test.DashboardPageTest"/>
  <testcase name="jbk_text_logo_isdisplayed" time="0.035" classname="com.jbk.owp.test.DashboardPageTest"/>
  <testcase name="jbk_Main_Heading_Spell_check" time="0.035" classname="com.jbk.owp.test.DashboardPageTest"/>
  <testcase name="oprators_Navigation_spell_Check" time="0.021" classname="com.jbk.owp.test.DashboardPageTest"/>
  <testcase name="oprators_Navigation_link_Check" time="0.030" classname="com.jbk.owp.test.DashboardPageTest"/>
  <testcase name="Dashboard_Main_Heading_Text_Check" time="0.019" classname="com.jbk.owp.test.DashboardPageTest"/>
  <testcase name="downloads_Navigation_link_Check" time="0.063" classname="com.jbk.owp.test.DashboardPageTest"/>
  <testcase name="verifyUsefulLink" time="0.161" classname="com.jbk.owp.test.DashboardPageTest"/>
  <testcase name="operators_Navigation_isdisplayed" time="0.038" classname="com.jbk.owp.test.DashboardPageTest"/>
  <testcase name="automationtest_spell" time="0.024" classname="com.jbk.owp.test.DashboardPageTest"/>
  <testcase name="verifyOperatorslink" time="0.380" classname="com.jbk.owp.test.DashboardPageTest"/>
  <testcase name="moveover_User_Bgcolor" time="0.143" classname="com.jbk.owp.test.DashboardPageTest">
    <failure type="java.lang.AssertionError" message="expected [rgba(30, 40, 44, 1)] but found [rgb(30, 40, 44)]">
      <![CDATA[java.lang.AssertionError: expected [rgba(30, 40, 44, 1)] but found [rgb(30, 40, 44)]
	at org.testng.Assert.fail(Assert.java:94)
	at org.testng.Assert.failNotEquals(Assert.java:513)
	at org.testng.Assert.assertEqualsImpl(Assert.java:135)
	at org.testng.Assert.assertEquals(Assert.java:116)
	at org.testng.Assert.assertEquals(Assert.java:190)
	at org.testng.Assert.assertEquals(Assert.java:200)
	at com.jbk.owp.test.DashboardPageTest.moveover_User_Bgcolor(DashboardPageTest.java:201)
	at sun.reflect.NativeMethodAccessorImpl.invoke0(Native Method)
	at sun.reflect.NativeMethodAccessorImpl.invoke(NativeMethodAccessorImpl.java:62)
	at sun.reflect.DelegatingMethodAccessorImpl.invoke(DelegatingMethodAccessorImpl.java:43)
	at java.lang.reflect.Method.invoke(Method.java:498)
	at org.testng.internal.MethodInvocationHelper.invokeMethod(MethodInvocationHelper.java:86)
	at org.testng.internal.Invoker.invokeMethod(Invoker.java:643)
	at org.testng.internal.Invoker.invokeTestMethod(Invoker.java:820)
	at org.testng.internal.Invoker.invokeTestMethods(Invoker.java:1128)
	at org.testng.internal.TestMethodWorker.invokeTestMethods(TestMethodWorker.java:129)
	at org.testng.internal.TestMethodWorker.run(TestMethodWorker.java:112)
	at org.testng.TestRunner.privateRun(TestRunner.java:782)
	at org.testng.TestRunner.run(TestRunner.java:632)
	at org.testng.SuiteRunner.runTest(SuiteRunner.java:366)
	at org.testng.SuiteRunner.runSequentially(SuiteRunner.java:361)
	at org.testng.SuiteRunner.privateRun(SuiteRunner.java:319)
	at org.testng.SuiteRunner.run(SuiteRunner.java:268)
	at org.testng.SuiteRunnerWorker.runSuite(SuiteRunnerWorker.java:52)
	at org.testng.SuiteRunnerWorker.run(SuiteRunnerWorker.java:86)
	at org.testng.TestNG.runSuitesSequentially(TestNG.java:1244)
	at org.testng.TestNG.runSuitesLocally(TestNG.java:1169)
	at org.testng.TestNG.run(TestNG.java:1064)
	at org.testng.remote.AbstractRemoteTestNG.run(AbstractRemoteTestNG.java:132)
	at org.testng.remote.RemoteTestNG.initAndRun(RemoteTestNG.java:236)
	at org.testng.remote.RemoteTestNG.main(RemoteTestNG.java:81)
]]>
    </failure>
  </testcase> <!-- moveover_User_Bgcolor -->
  <testcase name="moveover_downloads_Bgcolor" time="0.171" classname="com.jbk.owp.test.DashboardPageTest">
    <failure type="java.lang.AssertionError" message="expected [rgba(30, 40, 44, 1)] but found [rgb(30, 40, 44)]">
      <![CDATA[java.lang.AssertionError: expected [rgba(30, 40, 44, 1)] but found [rgb(30, 40, 44)]
	at org.testng.Assert.fail(Assert.java:94)
	at org.testng.Assert.failNotEquals(Assert.java:513)
	at org.testng.Assert.assertEqualsImpl(Assert.java:135)
	at org.testng.Assert.assertEquals(Assert.java:116)
	at org.testng.Assert.assertEquals(Assert.java:190)
	at org.testng.Assert.assertEquals(Assert.java:200)
	at com.jbk.owp.test.DashboardPageTest.moveover_downloads_Bgcolor(DashboardPageTest.java:239)
	at sun.reflect.NativeMethodAccessorImpl.invoke0(Native Method)
	at sun.reflect.NativeMethodAccessorImpl.invoke(NativeMethodAccessorImpl.java:62)
	at sun.reflect.DelegatingMethodAccessorImpl.invoke(DelegatingMethodAccessorImpl.java:43)
	at java.lang.reflect.Method.invoke(Method.java:498)
	at org.testng.internal.MethodInvocationHelper.invokeMethod(MethodInvocationHelper.java:86)
	at org.testng.internal.Invoker.invokeMethod(Invoker.java:643)
	at org.testng.internal.Invoker.invokeTestMethod(Invoker.java:820)
	at org.testng.internal.Invoker.invokeTestMethods(Invoker.java:1128)
	at org.testng.internal.TestMethodWorker.invokeTestMethods(TestMethodWorker.java:129)
	at org.testng.internal.TestMethodWorker.run(TestMethodWorker.java:112)
	at org.testng.TestRunner.privateRun(TestRunner.java:782)
	at org.testng.TestRunner.run(TestRunner.java:632)
	at org.testng.SuiteRunner.runTest(SuiteRunner.java:366)
	at org.testng.SuiteRunner.runSequentially(SuiteRunner.java:361)
	at org.testng.SuiteRunner.privateRun(SuiteRunner.java:319)
	at org.testng.SuiteRunner.run(SuiteRunner.java:268)
	at org.testng.SuiteRunnerWorker.runSuite(SuiteRunnerWorker.java:52)
	at org.testng.SuiteRunnerWorker.run(SuiteRunnerWorker.java:86)
	at org.testng.TestNG.runSuitesSequentially(TestNG.java:1244)
	at org.testng.TestNG.runSuitesLocally(TestNG.java:1169)
	at org.testng.TestNG.run(TestNG.java:1064)
	at org.testng.remote.AbstractRemoteTestNG.run(AbstractRemoteTestNG.java:132)
	at org.testng.remote.RemoteTestNG.initAndRun(RemoteTestNG.java:236)
	at org.testng.remote.RemoteTestNG.main(RemoteTestNG.java:81)
]]>
    </failure>
  </testcase> <!-- moveover_downloads_Bgcolor -->
  <testcase name="jbk_subHeading_link" time="0.022" classname="com.jbk.owp.test.DashboardPageTest"/>
  <testcase name="sidebar_Menu_Navigations_Count" time="0.002" classname="com.jbk.owp.test.DashboardPageTest"/>
  <testcase name="user_Navigation_spell_Check" time="0.026" classname="com.jbk.owp.test.DashboardPageTest"/>
  <testcase name="logout_Navigation_Spelling_Check" time="0.020" classname="com.jbk.owp.test.DashboardPageTest"/>
  <testcase name="Dashboard_Navigation_link_Check" time="0.048" classname="com.jbk.owp.test.DashboardPageTest"/>
  <testcase name="downloads_navigation_isdisplayed" time="0.043" classname="com.jbk.owp.test.DashboardPageTest"/>
  <testcase name="usefullinks_Navaigation_isdisplayed" time="0.035" classname="com.jbk.owp.test.DashboardPageTest"/>
  <testcase name="moveover_Dashboard_Bgcolor" time="0.125" classname="com.jbk.owp.test.DashboardPageTest"/>
  <testcase name="verifyDownloadLink" time="0.379" classname="com.jbk.owp.test.DashboardPageTest"/>
  <testcase name="verifyUserLink" time="0.334" classname="com.jbk.owp.test.DashboardPageTest"/>
  <testcase name="moveover_Oprators_Bgcolor" time="0.137" classname="com.jbk.owp.test.DashboardPageTest">
    <failure type="java.lang.AssertionError" message="expected [rgba(30, 40, 44, 1)] but found [rgb(30, 40, 44)]">
      <![CDATA[java.lang.AssertionError: expected [rgba(30, 40, 44, 1)] but found [rgb(30, 40, 44)]
	at org.testng.Assert.fail(Assert.java:94)
	at org.testng.Assert.failNotEquals(Assert.java:513)
	at org.testng.Assert.assertEqualsImpl(Assert.java:135)
	at org.testng.Assert.assertEquals(Assert.java:116)
	at org.testng.Assert.assertEquals(Assert.java:190)
	at org.testng.Assert.assertEquals(Assert.java:200)
	at com.jbk.owp.test.DashboardPageTest.moveover_Oprators_Bgcolor(DashboardPageTest.java:214)
	at sun.reflect.NativeMethodAccessorImpl.invoke0(Native Method)
	at sun.reflect.NativeMethodAccessorImpl.invoke(NativeMethodAccessorImpl.java:62)
	at sun.reflect.DelegatingMethodAccessorImpl.invoke(DelegatingMethodAccessorImpl.java:43)
	at java.lang.reflect.Method.invoke(Method.java:498)
	at org.testng.internal.MethodInvocationHelper.invokeMethod(MethodInvocationHelper.java:86)
	at org.testng.internal.Invoker.invokeMethod(Invoker.java:643)
	at org.testng.internal.Invoker.invokeTestMethod(Invoker.java:820)
	at org.testng.internal.Invoker.invokeTestMethods(Invoker.java:1128)
	at org.testng.internal.TestMethodWorker.invokeTestMethods(TestMethodWorker.java:129)
	at org.testng.internal.TestMethodWorker.run(TestMethodWorker.java:112)
	at org.testng.TestRunner.privateRun(TestRunner.java:782)
	at org.testng.TestRunner.run(TestRunner.java:632)
	at org.testng.SuiteRunner.runTest(SuiteRunner.java:366)
	at org.testng.SuiteRunner.runSequentially(SuiteRunner.java:361)
	at org.testng.SuiteRunner.privateRun(SuiteRunner.java:319)
	at org.testng.SuiteRunner.run(SuiteRunner.java:268)
	at org.testng.SuiteRunnerWorker.runSuite(SuiteRunnerWorker.java:52)
	at org.testng.SuiteRunnerWorker.run(SuiteRunnerWorker.java:86)
	at org.testng.TestNG.runSuitesSequentially(TestNG.java:1244)
	at org.testng.TestNG.runSuitesLocally(TestNG.java:1169)
	at org.testng.TestNG.run(TestNG.java:1064)
	at org.testng.remote.AbstractRemoteTestNG.run(AbstractRemoteTestNG.java:132)
	at org.testng.remote.RemoteTestNG.initAndRun(RemoteTestNG.java:236)
	at org.testng.remote.RemoteTestNG.main(RemoteTestNG.java:81)
]]>
    </failure>
  </testcase> <!-- moveover_Oprators_Bgcolor -->
  <testcase name="selenium_Course_Spell" time="0.025" classname="com.jbk.owp.test.DashboardPageTest"/>
  <testcase name="moveover_Logout_Bgcolor" time="0.166" classname="com.jbk.owp.test.DashboardPageTest">
    <failure type="java.lang.AssertionError" message="expected [rgba(0, 0, 0, 0.1)] but found [rgba(0, 0, 0, 0)]">
      <![CDATA[java.lang.AssertionError: expected [rgba(0, 0, 0, 0.1)] but found [rgba(0, 0, 0, 0)]
	at org.testng.Assert.fail(Assert.java:94)
	at org.testng.Assert.failNotEquals(Assert.java:513)
	at org.testng.Assert.assertEqualsImpl(Assert.java:135)
	at org.testng.Assert.assertEquals(Assert.java:116)
	at org.testng.Assert.assertEquals(Assert.java:190)
	at org.testng.Assert.assertEquals(Assert.java:200)
	at com.jbk.owp.test.DashboardPageTest.moveover_Logout_Bgcolor(DashboardPageTest.java:251)
	at sun.reflect.NativeMethodAccessorImpl.invoke0(Native Method)
	at sun.reflect.NativeMethodAccessorImpl.invoke(NativeMethodAccessorImpl.java:62)
	at sun.reflect.DelegatingMethodAccessorImpl.invoke(DelegatingMethodAccessorImpl.java:43)
	at java.lang.reflect.Method.invoke(Method.java:498)
	at org.testng.internal.MethodInvocationHelper.invokeMethod(MethodInvocationHelper.java:86)
	at org.testng.internal.Invoker.invokeMethod(Invoker.java:643)
	at org.testng.internal.Invoker.invokeTestMethod(Invoker.java:820)
	at org.testng.internal.Invoker.invokeTestMethods(Invoker.java:1128)
	at org.testng.internal.TestMethodWorker.invokeTestMethods(TestMethodWorker.java:129)
	at org.testng.internal.TestMethodWorker.run(TestMethodWorker.java:112)
	at org.testng.TestRunner.privateRun(TestRunner.java:782)
	at org.testng.TestRunner.run(TestRunner.java:632)
	at org.testng.SuiteRunner.runTest(SuiteRunner.java:366)
	at org.testng.SuiteRunner.runSequentially(SuiteRunner.java:361)
	at org.testng.SuiteRunner.privateRun(SuiteRunner.java:319)
	at org.testng.SuiteRunner.run(SuiteRunner.java:268)
	at org.testng.SuiteRunnerWorker.runSuite(SuiteRunnerWorker.java:52)
	at org.testng.SuiteRunnerWorker.run(SuiteRunnerWorker.java:86)
	at org.testng.TestNG.runSuitesSequentially(TestNG.java:1244)
	at org.testng.TestNG.runSuitesLocally(TestNG.java:1169)
	at org.testng.TestNG.run(TestNG.java:1064)
	at org.testng.remote.AbstractRemoteTestNG.run(AbstractRemoteTestNG.java:132)
	at org.testng.remote.RemoteTestNG.initAndRun(RemoteTestNG.java:236)
	at org.testng.remote.RemoteTestNG.main(RemoteTestNG.java:81)
]]>
    </failure>
  </testcase> <!-- moveover_Logout_Bgcolor -->
  <testcase name="moveover_UsefulLinks_Bgcolor" time="0.144" classname="com.jbk.owp.test.DashboardPageTest">
    <failure type="java.lang.AssertionError" message="expected [rgba(30, 40, 44, 1)] but found [rgb(30, 40, 44)]">
      <![CDATA[java.lang.AssertionError: expected [rgba(30, 40, 44, 1)] but found [rgb(30, 40, 44)]
	at org.testng.Assert.fail(Assert.java:94)
	at org.testng.Assert.failNotEquals(Assert.java:513)
	at org.testng.Assert.assertEqualsImpl(Assert.java:135)
	at org.testng.Assert.assertEquals(Assert.java:116)
	at org.testng.Assert.assertEquals(Assert.java:190)
	at org.testng.Assert.assertEquals(Assert.java:200)
	at com.jbk.owp.test.DashboardPageTest.moveover_UsefulLinks_Bgcolor(DashboardPageTest.java:227)
	at sun.reflect.NativeMethodAccessorImpl.invoke0(Native Method)
	at sun.reflect.NativeMethodAccessorImpl.invoke(NativeMethodAccessorImpl.java:62)
	at sun.reflect.DelegatingMethodAccessorImpl.invoke(DelegatingMethodAccessorImpl.java:43)
	at java.lang.reflect.Method.invoke(Method.java:498)
	at org.testng.internal.MethodInvocationHelper.invokeMethod(MethodInvocationHelper.java:86)
	at org.testng.internal.Invoker.invokeMethod(Invoker.java:643)
	at org.testng.internal.Invoker.invokeTestMethod(Invoker.java:820)
	at org.testng.internal.Invoker.invokeTestMethods(Invoker.java:1128)
	at org.testng.internal.TestMethodWorker.invokeTestMethods(TestMethodWorker.java:129)
	at org.testng.internal.TestMethodWorker.run(TestMethodWorker.java:112)
	at org.testng.TestRunner.privateRun(TestRunner.java:782)
	at org.testng.TestRunner.run(TestRunner.java:632)
	at org.testng.SuiteRunner.runTest(SuiteRunner.java:366)
	at org.testng.SuiteRunner.runSequentially(SuiteRunner.java:361)
	at org.testng.SuiteRunner.privateRun(SuiteRunner.java:319)
	at org.testng.SuiteRunner.run(SuiteRunner.java:268)
	at org.testng.SuiteRunnerWorker.runSuite(SuiteRunnerWorker.java:52)
	at org.testng.SuiteRunnerWorker.run(SuiteRunnerWorker.java:86)
	at org.testng.TestNG.runSuitesSequentially(TestNG.java:1244)
	at org.testng.TestNG.runSuitesLocally(TestNG.java:1169)
	at org.testng.TestNG.run(TestNG.java:1064)
	at org.testng.remote.AbstractRemoteTestNG.run(AbstractRemoteTestNG.java:132)
	at org.testng.remote.RemoteTestNG.initAndRun(RemoteTestNG.java:236)
	at org.testng.remote.RemoteTestNG.main(RemoteTestNG.java:81)
]]>
    </failure>
  </testcase> <!-- moveover_UsefulLinks_Bgcolor -->
</testsuite> <!-- com.jbk.owp.test.DashboardPageTest -->
