<?xml version="1.0" encoding="UTF-8"?>
<!-- Generated by org.testng.reporters.JUnitReportReporter -->
<testsuite hostname="SUBHASHA-PC" name="com.jbk.owp.test.AddUserPageTest" tests="2" failures="0" timestamp="23 Mar 2020 09:36:10 GMT" time="12.135" errors="0">
  <testcase name="Fill_Form" time="6.570" classname="com.jbk.owp.test.AddUserPageTest"/>
  <testcase name="VerifyCancel" time="5.565" classname="com.jbk.owp.test.AddUserPageTest"/>
</testsuite> <!-- com.jbk.owp.test.AddUserPageTest -->
