<?xml version="1.0" encoding="UTF-8"?>
<!-- Generated by org.testng.reporters.JUnitReportReporter -->
<testsuite skipped="0" hostname="SUBHASHA-PC" name="com.jbk.owp.test.AddUserPageTest" tests="3" failures="0" timestamp="26 Jan 2020 03:58:31 GMT" time="6.159" errors="0">
  <testcase name="Click_onUser" time="0.201" classname="com.jbk.owp.test.AddUserPageTest"/>
  <testcase name="Click_On_AddUser_Btn" time="0.205" classname="com.jbk.owp.test.AddUserPageTest"/>
  <testcase name="Fill_Form" time="5.753" classname="com.jbk.owp.test.AddUserPageTest"/>
</testsuite> <!-- com.jbk.owp.test.AddUserPageTest -->
