<?xml version="1.0" encoding="UTF-8"?>
<!-- Generated by org.testng.reporters.JUnitReportReporter -->
<testsuite hostname="SUBHASHA-PC" name="com.jbk.owp.test.UsefulLinksTest" tests="7" failures="0" timestamp="5 Feb 2020 01:55:42 GMT" time="47.815" errors="0">
  <testcase name="Login" time="2.635" classname="com.jbk.owp.test.UsefulLinksTest"/>
  <testcase name="JavaInterviewTab" time="0.160" classname="com.jbk.owp.test.UsefulLinksTest"/>
  <testcase name="PlacemntTab" time="5.823" classname="com.jbk.owp.test.UsefulLinksTest"/>
  <testcase name="VideoLacturesTab" time="10.450" classname="com.jbk.owp.test.UsefulLinksTest"/>
  <testcase name="CoursesTab" time="5.695" classname="com.jbk.owp.test.UsefulLinksTest"/>
  <testcase name="VerifyScheduleTab" time="12.580" classname="com.jbk.owp.test.UsefulLinksTest"/>
  <testcase name="SeleniumInterview" time="10.472" classname="com.jbk.owp.test.UsefulLinksTest"/>
</testsuite> <!-- com.jbk.owp.test.UsefulLinksTest -->
