<?xml version="1.0" encoding="UTF-8"?>
<!-- Generated by org.testng.reporters.JUnitReportReporter -->
<testsuite skipped="0" hostname="SUBHASHA-PC" name="com.jbk.owp.test.test1"
	tests="1" failures="0" timestamp="02 Jan 2020 06:13:30 GMT" time="0.007"
	errors="0">
	<testcase name="m1" time="0.007" classname="com.jbk.owp.test.test1" />
</testsuite> <!-- com.jbk.owp.test.test1 -->
