<?xml version="1.0" encoding="UTF-8"?>
<!-- Generated by org.testng.reporters.JUnitReportReporter -->
<testsuite hostname="SUBHASHA-PC" name="com.jbk.owp.test.RegisterMemberPageTest" tests="8" failures="0" timestamp="1 Feb 2020 17:36:20 GMT" time="7.461" errors="0">
  <testcase name="verifyRegisterMemberValidinfo" time="2.840" classname="com.jbk.owp.test.RegisterMemberPageTest"/>
  <testcase name="verifyRegisterMemberlink" time="3.740" classname="com.jbk.owp.test.RegisterMemberPageTest"/>
  <testcase name="verifyPlaceholderMobile" time="0.143" classname="com.jbk.owp.test.RegisterMemberPageTest"/>
  <testcase name="verifyPlaceholderEmail" time="0.088" classname="com.jbk.owp.test.RegisterMemberPageTest"/>
  <testcase name="verifyPlaceholderPassword" time="0.090" classname="com.jbk.owp.test.RegisterMemberPageTest"/>
  <testcase name="verifyTitle" time="0.121" classname="com.jbk.owp.test.RegisterMemberPageTest"/>
  <testcase name="verifyPlaceholderName" time="0.263" classname="com.jbk.owp.test.RegisterMemberPageTest"/>
  <testcase name="verifyAlreadyMembershipLink" time="0.176" classname="com.jbk.owp.test.RegisterMemberPageTest"/>
</testsuite> <!-- com.jbk.owp.test.RegisterMemberPageTest -->
