<?xml version="1.0" encoding="UTF-8"?>
<!-- Generated by org.testng.reporters.JUnitReportReporter -->
<testsuite skipped="0" hostname="SUBHASHA-PC" name="com.jbk.owp.test.LoginPageTest" tests="11" failures="0" timestamp="15 Jan 2020 13:09:12 GMT" time="5.257" errors="0">
  <testcase name="verifyUrl" time="0.242" classname="com.jbk.owp.test.LoginPageTest"/>
  <testcase name="verifyApplicationTitle" time="0.075" classname="com.jbk.owp.test.LoginPageTest"/>
  <testcase name="verifyTitle" time="0.550" classname="com.jbk.owp.test.LoginPageTest"/>
  <testcase name="verifyloginsesion" time="0.058" classname="com.jbk.owp.test.LoginPageTest"/>
  <testcase name="verifyPlaceHolderUsername" time="0.114" classname="com.jbk.owp.test.LoginPageTest"/>
  <testcase name="verifyPlaceHolderPassword" time="0.029" classname="com.jbk.owp.test.LoginPageTest"/>
  <testcase name="verifyButtoncolor" time="0.230" classname="com.jbk.owp.test.LoginPageTest"/>
  <testcase name="verifyLinks" time="0.137" classname="com.jbk.owp.test.LoginPageTest"/>
  <testcase name="Login" time="0.637" classname="com.jbk.owp.test.LoginPageTest"/>
  <testcase name="Login" time="2.398" classname="com.jbk.owp.test.LoginPageTest"/>
  <testcase name="Login" time="0.787" classname="com.jbk.owp.test.LoginPageTest"/>
</testsuite> <!-- com.jbk.owp.test.LoginPageTest -->
