<?xml version="1.0" encoding="UTF-8"?>
<!-- Generated by org.testng.reporters.JUnitReportReporter -->
<testsuite skipped="0" hostname="SUBHASHA-PC" name="com.jbk.owp.test.RegMember" tests="8" failures="0" timestamp="21 Jan 2020 08:40:10 GMT" time="2.062" errors="0">
  <testcase name="verifyRegisterMemberlink" time="0.269" classname="com.jbk.owp.test.RegMember"/>
  <testcase name="verifyHeading" time="0.095" classname="com.jbk.owp.test.RegMember"/>
  <testcase name="verifyPlaceholderName" time="0.101" classname="com.jbk.owp.test.RegMember"/>
  <testcase name="verifyPlaceholderMobile" time="0.257" classname="com.jbk.owp.test.RegMember"/>
  <testcase name="verifyPlaceholderEmail" time="0.468" classname="com.jbk.owp.test.RegMember"/>
  <testcase name="verifyPlaceholderPassword" time="0.136" classname="com.jbk.owp.test.RegMember"/>
  <testcase name="verifyRegisterMemberValidinfo" time="0.430" classname="com.jbk.owp.test.RegMember"/>
  <testcase name="verifyAlreadyMembershipLink" time="0.306" classname="com.jbk.owp.test.RegMember"/>
</testsuite> <!-- com.jbk.owp.test.RegMember -->
