<?xml version="1.0" encoding="UTF-8"?>
<!-- Generated by org.testng.reporters.JUnitReportReporter -->
<testsuite hostname="SUBHASHA-PC" name="com.jbk.owp.test.UsersTest" tests="2" failures="0" timestamp="4 Feb 2020 12:11:28 GMT" time="25.278" errors="0">
  <testcase name="getTableData" time="22.580" classname="com.jbk.owp.test.UsersTest"/>
  <testcase name="VerifyDelete" time="2.698" classname="com.jbk.owp.test.UsersTest"/>
</testsuite> <!-- com.jbk.owp.test.UsersTest -->
