<?xml version="1.0" encoding="UTF-8"?>
<!-- Generated by org.testng.reporters.JUnitReportReporter -->
<testsuite hostname="SUBHASHA-PC" name="com.jbk.owp.test.UsefulLinksTest" tests="6" failures="0" timestamp="5 Feb 2020 02:52:49 GMT" time="44.751" errors="0">
  <testcase name="JavaInterviewTab" time="0.271" classname="com.jbk.owp.test.UsefulLinksTest"/>
  <testcase name="PlacemntTab" time="5.907" classname="com.jbk.owp.test.UsefulLinksTest"/>
  <testcase name="VideoLacturesTab" time="10.576" classname="com.jbk.owp.test.UsefulLinksTest"/>
  <testcase name="CoursesTab" time="5.962" classname="com.jbk.owp.test.UsefulLinksTest"/>
  <testcase name="SeleniumInterview" time="10.550" classname="com.jbk.owp.test.UsefulLinksTest"/>
  <testcase name="VerifyScheduleTab" time="11.485" classname="com.jbk.owp.test.UsefulLinksTest"/>
</testsuite> <!-- com.jbk.owp.test.UsefulLinksTest -->
