<?xml version="1.0" encoding="UTF-8"?>
<!-- Generated by org.testng.reporters.JUnitReportReporter -->
<testsuite skipped="0" hostname="SUBHASHA-PC"
	name="com.jbk.owp.test.LoginPageTest2" tests="5" failures="0"
	timestamp="27 Jan 2020 12:35:30 GMT" time="4.483" errors="0">
	<testcase name="Verify_Current_Url" time="0.398"
		classname="com.jbk.owp.test.LoginPageTest2" />
	<testcase name="verifyApplicationTitle" time="0.056"
		classname="com.jbk.owp.test.LoginPageTest2" />
	<testcase name="Login" time="2.692" classname="com.jbk.owp.test.LoginPageTest2" />
	<testcase name="Login" time="0.689" classname="com.jbk.owp.test.LoginPageTest2" />
	<testcase name="Login" time="0.648" classname="com.jbk.owp.test.LoginPageTest2" />
</testsuite> <!-- com.jbk.owp.test.LoginPageTest2 -->
