<?xml version="1.0" encoding="UTF-8"?>
<!-- Generated by org.testng.reporters.JUnitReportReporter -->
<testsuite skipped="0" hostname="SUBHASHA-PC" name="com.jbk.owp.test.DashboardPageTest" tests="37" failures="4" timestamp="21 Jan 2020 19:47:39 GMT" time="8.957" errors="0">
  <testcase name="CheckMainNavigationText" time="0.413" classname="com.jbk.owp.test.DashboardPageTest"/>
  <testcase name="Dashboard_Main_Heading_Text_Check" time="0.087" classname="com.jbk.owp.test.DashboardPageTest"/>
  <testcase name="user_Navigation_spell_Check" time="0.094" classname="com.jbk.owp.test.DashboardPageTest"/>
  <testcase name="oprators_Navigation_spell_Check" time="0.216" classname="com.jbk.owp.test.DashboardPageTest"/>
  <testcase name="useful_Links_spell_Check" time="0.093" classname="com.jbk.owp.test.DashboardPageTest"/>
  <testcase name="downloads_Navigation_Spelling_Check" time="0.076" classname="com.jbk.owp.test.DashboardPageTest"/>
  <testcase name="logout_Navigation_Spelling_Check" time="0.082" classname="com.jbk.owp.test.DashboardPageTest"/>
  <testcase name="Dashboard_Navigation_link_Check" time="0.103" classname="com.jbk.owp.test.DashboardPageTest"/>
  <testcase name="user_Navigation_link_Check" time="0.091" classname="com.jbk.owp.test.DashboardPageTest"/>
  <testcase name="oprators_Navigation_link_Check" time="0.102" classname="com.jbk.owp.test.DashboardPageTest"/>
  <testcase name="usefulLinks_navigation_link_Check" time="0.086" classname="com.jbk.owp.test.DashboardPageTest"/>
  <testcase name="downloads_Navigation_link_Check" time="0.135" classname="com.jbk.owp.test.DashboardPageTest"/>
  <testcase name="sidebar_Menu_Navigations_Count" time="0.070" classname="com.jbk.owp.test.DashboardPageTest"/>
  <testcase name="User_Navigation_isdisplayed_Check" time="0.099" classname="com.jbk.owp.test.DashboardPageTest"/>
  <testcase name="operators_Navigation_isdisplayed" time="0.112" classname="com.jbk.owp.test.DashboardPageTest"/>
  <testcase name="usefullinks_Navaigation_isdisplayed" time="0.108" classname="com.jbk.owp.test.DashboardPageTest"/>
  <testcase name="downloads_navigation_isdisplayed" time="0.111" classname="com.jbk.owp.test.DashboardPageTest"/>
  <testcase name="logouttabisdisplayed" time="0.477" classname="com.jbk.owp.test.DashboardPageTest"/>
  <testcase name="moveover_Dashboard_Bgcolor" time="0.207" classname="com.jbk.owp.test.DashboardPageTest"/>
  <testcase name="moveover_User_Bgcolor" time="0.822" classname="com.jbk.owp.test.DashboardPageTest">
    <failure type="java.lang.AssertionError" message="expected [rgba(30, 40, 44, 1)] but found [rgb(30, 40, 44)]">
      <![CDATA[java.lang.AssertionError: expected [rgba(30, 40, 44, 1)] but found [rgb(30, 40, 44)]
at org.testng.Assert.fail(Assert.java:96)
at org.testng.Assert.failNotEquals(Assert.java:776)
at org.testng.Assert.assertEqualsImpl(Assert.java:137)
at org.testng.Assert.assertEquals(Assert.java:118)
at org.testng.Assert.assertEquals(Assert.java:453)
at org.testng.Assert.assertEquals(Assert.java:463)
at com.jbk.owp.test.DashboardPageTest.moveover_User_Bgcolor(DashboardPageTest.java:200)
at sun.reflect.NativeMethodAccessorImpl.invoke0(Native Method)
at sun.reflect.NativeMethodAccessorImpl.invoke(NativeMethodAccessorImpl.java:62)
at sun.reflect.DelegatingMethodAccessorImpl.invoke(DelegatingMethodAccessorImpl.java:43)
at java.lang.reflect.Method.invoke(Method.java:498)
at org.testng.internal.MethodInvocationHelper.invokeMethod(MethodInvocationHelper.java:124)
at org.testng.internal.Invoker.invokeMethod(Invoker.java:583)
at org.testng.internal.Invoker.invokeTestMethod(Invoker.java:719)
at org.testng.internal.Invoker.invokeTestMethods(Invoker.java:989)
at org.testng.internal.TestMethodWorker.invokeTestMethods(TestMethodWorker.java:125)
at org.testng.internal.TestMethodWorker.run(TestMethodWorker.java:109)
at org.testng.TestRunner.privateRun(TestRunner.java:648)
at org.testng.TestRunner.run(TestRunner.java:505)
at org.testng.SuiteRunner.runTest(SuiteRunner.java:455)
at org.testng.SuiteRunner.runSequentially(SuiteRunner.java:450)
at org.testng.SuiteRunner.privateRun(SuiteRunner.java:415)
at org.testng.SuiteRunner.run(SuiteRunner.java:364)
at org.testng.SuiteRunnerWorker.runSuite(SuiteRunnerWorker.java:52)
at org.testng.SuiteRunnerWorker.run(SuiteRunnerWorker.java:84)
at org.testng.TestNG.runSuitesSequentially(TestNG.java:1208)
at org.testng.TestNG.runSuitesLocally(TestNG.java:1137)
at org.testng.TestNG.runSuites(TestNG.java:1049)
at org.testng.TestNG.run(TestNG.java:1017)
at org.testng.remote.AbstractRemoteTestNG.run(AbstractRemoteTestNG.java:132)
at org.testng.remote.RemoteTestNG.initAndRun(RemoteTestNG.java:236)
at org.testng.remote.RemoteTestNG.main(RemoteTestNG.java:81)
]]>
    </failure>
  </testcase> <!-- moveover_User_Bgcolor -->
  <testcase name="moveover_Oprators_Bgcolor" time="0.259" classname="com.jbk.owp.test.DashboardPageTest">
    <failure type="java.lang.AssertionError" message="expected [rgba(30, 40, 44, 1)] but found [rgb(30, 40, 44)]">
      <![CDATA[java.lang.AssertionError: expected [rgba(30, 40, 44, 1)] but found [rgb(30, 40, 44)]
at org.testng.Assert.fail(Assert.java:96)
at org.testng.Assert.failNotEquals(Assert.java:776)
at org.testng.Assert.assertEqualsImpl(Assert.java:137)
at org.testng.Assert.assertEquals(Assert.java:118)
at org.testng.Assert.assertEquals(Assert.java:453)
at org.testng.Assert.assertEquals(Assert.java:463)
at com.jbk.owp.test.DashboardPageTest.moveover_Oprators_Bgcolor(DashboardPageTest.java:213)
at sun.reflect.NativeMethodAccessorImpl.invoke0(Native Method)
at sun.reflect.NativeMethodAccessorImpl.invoke(NativeMethodAccessorImpl.java:62)
at sun.reflect.DelegatingMethodAccessorImpl.invoke(DelegatingMethodAccessorImpl.java:43)
at java.lang.reflect.Method.invoke(Method.java:498)
at org.testng.internal.MethodInvocationHelper.invokeMethod(MethodInvocationHelper.java:124)
at org.testng.internal.Invoker.invokeMethod(Invoker.java:583)
at org.testng.internal.Invoker.invokeTestMethod(Invoker.java:719)
at org.testng.internal.Invoker.invokeTestMethods(Invoker.java:989)
at org.testng.internal.TestMethodWorker.invokeTestMethods(TestMethodWorker.java:125)
at org.testng.internal.TestMethodWorker.run(TestMethodWorker.java:109)
at org.testng.TestRunner.privateRun(TestRunner.java:648)
at org.testng.TestRunner.run(TestRunner.java:505)
at org.testng.SuiteRunner.runTest(SuiteRunner.java:455)
at org.testng.SuiteRunner.runSequentially(SuiteRunner.java:450)
at org.testng.SuiteRunner.privateRun(SuiteRunner.java:415)
at org.testng.SuiteRunner.run(SuiteRunner.java:364)
at org.testng.SuiteRunnerWorker.runSuite(SuiteRunnerWorker.java:52)
at org.testng.SuiteRunnerWorker.run(SuiteRunnerWorker.java:84)
at org.testng.TestNG.runSuitesSequentially(TestNG.java:1208)
at org.testng.TestNG.runSuitesLocally(TestNG.java:1137)
at org.testng.TestNG.runSuites(TestNG.java:1049)
at org.testng.TestNG.run(TestNG.java:1017)
at org.testng.remote.AbstractRemoteTestNG.run(AbstractRemoteTestNG.java:132)
at org.testng.remote.RemoteTestNG.initAndRun(RemoteTestNG.java:236)
at org.testng.remote.RemoteTestNG.main(RemoteTestNG.java:81)
]]>
    </failure>
  </testcase> <!-- moveover_Oprators_Bgcolor -->
  <testcase name="moveover_UsefulLinks_Bgcolor" time="0.216" classname="com.jbk.owp.test.DashboardPageTest">
    <failure type="java.lang.AssertionError" message="expected [rgba(30, 40, 44, 1)] but found [rgb(30, 40, 44)]">
      <![CDATA[java.lang.AssertionError: expected [rgba(30, 40, 44, 1)] but found [rgb(30, 40, 44)]
at org.testng.Assert.fail(Assert.java:96)
at org.testng.Assert.failNotEquals(Assert.java:776)
at org.testng.Assert.assertEqualsImpl(Assert.java:137)
at org.testng.Assert.assertEquals(Assert.java:118)
at org.testng.Assert.assertEquals(Assert.java:453)
at org.testng.Assert.assertEquals(Assert.java:463)
at com.jbk.owp.test.DashboardPageTest.moveover_UsefulLinks_Bgcolor(DashboardPageTest.java:226)
at sun.reflect.NativeMethodAccessorImpl.invoke0(Native Method)
at sun.reflect.NativeMethodAccessorImpl.invoke(NativeMethodAccessorImpl.java:62)
at sun.reflect.DelegatingMethodAccessorImpl.invoke(DelegatingMethodAccessorImpl.java:43)
at java.lang.reflect.Method.invoke(Method.java:498)
at org.testng.internal.MethodInvocationHelper.invokeMethod(MethodInvocationHelper.java:124)
at org.testng.internal.Invoker.invokeMethod(Invoker.java:583)
at org.testng.internal.Invoker.invokeTestMethod(Invoker.java:719)
at org.testng.internal.Invoker.invokeTestMethods(Invoker.java:989)
at org.testng.internal.TestMethodWorker.invokeTestMethods(TestMethodWorker.java:125)
at org.testng.internal.TestMethodWorker.run(TestMethodWorker.java:109)
at org.testng.TestRunner.privateRun(TestRunner.java:648)
at org.testng.TestRunner.run(TestRunner.java:505)
at org.testng.SuiteRunner.runTest(SuiteRunner.java:455)
at org.testng.SuiteRunner.runSequentially(SuiteRunner.java:450)
at org.testng.SuiteRunner.privateRun(SuiteRunner.java:415)
at org.testng.SuiteRunner.run(SuiteRunner.java:364)
at org.testng.SuiteRunnerWorker.runSuite(SuiteRunnerWorker.java:52)
at org.testng.SuiteRunnerWorker.run(SuiteRunnerWorker.java:84)
at org.testng.TestNG.runSuitesSequentially(TestNG.java:1208)
at org.testng.TestNG.runSuitesLocally(TestNG.java:1137)
at org.testng.TestNG.runSuites(TestNG.java:1049)
at org.testng.TestNG.run(TestNG.java:1017)
at org.testng.remote.AbstractRemoteTestNG.run(AbstractRemoteTestNG.java:132)
at org.testng.remote.RemoteTestNG.initAndRun(RemoteTestNG.java:236)
at org.testng.remote.RemoteTestNG.main(RemoteTestNG.java:81)
]]>
    </failure>
  </testcase> <!-- moveover_UsefulLinks_Bgcolor -->
  <testcase name="moveover_downloads_Bgcolor" time="0.214" classname="com.jbk.owp.test.DashboardPageTest">
    <failure type="java.lang.AssertionError" message="expected [rgba(30, 40, 44, 1)] but found [rgb(30, 40, 44)]">
      <![CDATA[java.lang.AssertionError: expected [rgba(30, 40, 44, 1)] but found [rgb(30, 40, 44)]
at org.testng.Assert.fail(Assert.java:96)
at org.testng.Assert.failNotEquals(Assert.java:776)
at org.testng.Assert.assertEqualsImpl(Assert.java:137)
at org.testng.Assert.assertEquals(Assert.java:118)
at org.testng.Assert.assertEquals(Assert.java:453)
at org.testng.Assert.assertEquals(Assert.java:463)
at com.jbk.owp.test.DashboardPageTest.moveover_downloads_Bgcolor(DashboardPageTest.java:238)
at sun.reflect.NativeMethodAccessorImpl.invoke0(Native Method)
at sun.reflect.NativeMethodAccessorImpl.invoke(NativeMethodAccessorImpl.java:62)
at sun.reflect.DelegatingMethodAccessorImpl.invoke(DelegatingMethodAccessorImpl.java:43)
at java.lang.reflect.Method.invoke(Method.java:498)
at org.testng.internal.MethodInvocationHelper.invokeMethod(MethodInvocationHelper.java:124)
at org.testng.internal.Invoker.invokeMethod(Invoker.java:583)
at org.testng.internal.Invoker.invokeTestMethod(Invoker.java:719)
at org.testng.internal.Invoker.invokeTestMethods(Invoker.java:989)
at org.testng.internal.TestMethodWorker.invokeTestMethods(TestMethodWorker.java:125)
at org.testng.internal.TestMethodWorker.run(TestMethodWorker.java:109)
at org.testng.TestRunner.privateRun(TestRunner.java:648)
at org.testng.TestRunner.run(TestRunner.java:505)
at org.testng.SuiteRunner.runTest(SuiteRunner.java:455)
at org.testng.SuiteRunner.runSequentially(SuiteRunner.java:450)
at org.testng.SuiteRunner.privateRun(SuiteRunner.java:415)
at org.testng.SuiteRunner.run(SuiteRunner.java:364)
at org.testng.SuiteRunnerWorker.runSuite(SuiteRunnerWorker.java:52)
at org.testng.SuiteRunnerWorker.run(SuiteRunnerWorker.java:84)
at org.testng.TestNG.runSuitesSequentially(TestNG.java:1208)
at org.testng.TestNG.runSuitesLocally(TestNG.java:1137)
at org.testng.TestNG.runSuites(TestNG.java:1049)
at org.testng.TestNG.run(TestNG.java:1017)
at org.testng.remote.AbstractRemoteTestNG.run(AbstractRemoteTestNG.java:132)
at org.testng.remote.RemoteTestNG.initAndRun(RemoteTestNG.java:236)
at org.testng.remote.RemoteTestNG.main(RemoteTestNG.java:81)
]]>
    </failure>
  </testcase> <!-- moveover_downloads_Bgcolor -->
  <testcase name="moveover_Logout_Bgcolor" time="0.233" classname="com.jbk.owp.test.DashboardPageTest"/>
  <testcase name="jbk_Main_Heading_Spell_check" time="0.112" classname="com.jbk.owp.test.DashboardPageTest"/>
  <testcase name="jbk_subHeading_link" time="0.160" classname="com.jbk.owp.test.DashboardPageTest"/>
  <testcase name="jbk_text_logo_isdisplayed" time="0.090" classname="com.jbk.owp.test.DashboardPageTest"/>
  <testcase name="user_img_isdisplayed" time="0.071" classname="com.jbk.owp.test.DashboardPageTest"/>
  <testcase name="dashboard_Main_Heading_Spell" time="0.078" classname="com.jbk.owp.test.DashboardPageTest"/>
  <testcase name="dashboard_Fotter_Spell" time="0.100" classname="com.jbk.owp.test.DashboardPageTest"/>
  <testcase name="pullright_Heading_spell" time="0.122" classname="com.jbk.owp.test.DashboardPageTest"/>
  <testcase name="selenium_Course_Spell" time="0.082" classname="com.jbk.owp.test.DashboardPageTest"/>
  <testcase name="automationtest_spell" time="0.061" classname="com.jbk.owp.test.DashboardPageTest"/>
  <testcase name="verifyUserLink" time="2.569" classname="com.jbk.owp.test.DashboardPageTest"/>
  <testcase name="verifyOperatorslink" time="0.371" classname="com.jbk.owp.test.DashboardPageTest"/>
  <testcase name="verifyUsefulLink" time="0.232" classname="com.jbk.owp.test.DashboardPageTest"/>
  <testcase name="verifyDownloadLink" time="0.403" classname="com.jbk.owp.test.DashboardPageTest"/>
</testsuite> <!-- com.jbk.owp.test.DashboardPageTest -->
