<?xml version="1.0" encoding="UTF-8"?>
<!-- Generated by org.testng.reporters.JUnitReportReporter -->
<testsuite hostname="SUBHASHA-PC" name="com.jbk.owp.test.AddUserPageTest" tests="2" failures="0" timestamp="4 Feb 2020 12:11:28 GMT" time="11.763" errors="0">
  <testcase name="Fill_Form" time="6.262" classname="com.jbk.owp.test.AddUserPageTest"/>
  <testcase name="VerifyCancel" time="5.501" classname="com.jbk.owp.test.AddUserPageTest"/>
</testsuite> <!-- com.jbk.owp.test.AddUserPageTest -->
