<?xml version="1.0" encoding="UTF-8"?>
<!-- Generated by org.testng.reporters.JUnitReportReporter -->
<testsuite skipped="0" hostname="SUBHASHA-PC" name="com.jbk.owp.test.LoginPageTest" tests="11" failures="0" timestamp="02 Jan 2020 06:29:51 GMT" time="1.828" errors="0">
  <testcase name="verifyUrl" time="0.005" classname="com.jbk.owp.test.LoginPageTest"/>
  <testcase name="verifyApplicationTitle" time="0.005" classname="com.jbk.owp.test.LoginPageTest"/>
  <testcase name="verifyTitle" time="0.018" classname="com.jbk.owp.test.LoginPageTest"/>
  <testcase name="verifyloginsesion" time="0.017" classname="com.jbk.owp.test.LoginPageTest"/>
  <testcase name="verifyPlaceHolderUsername" time="0.019" classname="com.jbk.owp.test.LoginPageTest"/>
  <testcase name="verifyPlaceHolderPassword" time="0.019" classname="com.jbk.owp.test.LoginPageTest"/>
  <testcase name="verifyButtoncolor" time="0.211" classname="com.jbk.owp.test.LoginPageTest"/>
  <testcase name="verifyLinks" time="0.046" classname="com.jbk.owp.test.LoginPageTest"/>
  <testcase name="Login" time="0.846" classname="com.jbk.owp.test.LoginPageTest"/>
  <testcase name="Login" time="0.291" classname="com.jbk.owp.test.LoginPageTest"/>
  <testcase name="Login" time="0.351" classname="com.jbk.owp.test.LoginPageTest"/>
</testsuite> <!-- com.jbk.owp.test.LoginPageTest -->
