<?xml version="1.0" encoding="UTF-8"?>
<!-- Generated by org.testng.reporters.JUnitReportReporter -->
<testsuite hostname="SUBHASHA-PC" name="com.jbk.owp.test.RegisterMemberPageTest" tests="8" failures="0" timestamp="4 Feb 2020 12:11:28 GMT" time="3.650" errors="0">
  <testcase name="verifyTitle" time="0.018" classname="com.jbk.owp.test.RegisterMemberPageTest"/>
  <testcase name="verifyAlreadyMembershipLink" time="0.196" classname="com.jbk.owp.test.RegisterMemberPageTest"/>
  <testcase name="verifyRegisterMemberlink" time="0.353" classname="com.jbk.owp.test.RegisterMemberPageTest"/>
  <testcase name="verifyPlaceholderName" time="0.196" classname="com.jbk.owp.test.RegisterMemberPageTest"/>
  <testcase name="verifyPlaceholderPassword" time="0.026" classname="com.jbk.owp.test.RegisterMemberPageTest"/>
  <testcase name="verifyPlaceholderMobile" time="0.160" classname="com.jbk.owp.test.RegisterMemberPageTest"/>
  <testcase name="verifyRegisterMemberValidinfo" time="2.648" classname="com.jbk.owp.test.RegisterMemberPageTest"/>
  <testcase name="verifyPlaceholderEmail" time="0.053" classname="com.jbk.owp.test.RegisterMemberPageTest"/>
</testsuite> <!-- com.jbk.owp.test.RegisterMemberPageTest -->
