<?xml version="1.0" encoding="UTF-8"?>
<!-- Generated by org.testng.reporters.JUnitReportReporter -->
<testsuite skipped="0" hostname="SUBHASHA-PC" name="com.jbk.owp.test.LoginPageTest" tests="11" failures="0" timestamp="09 Jan 2020 20:37:14 GMT" time="3.717" errors="0">
  <testcase name="verifyUrl" time="0.025" classname="com.jbk.owp.test.LoginPageTest"/>
  <testcase name="verifyApplicationTitle" time="0.016" classname="com.jbk.owp.test.LoginPageTest"/>
  <testcase name="verifyTitle" time="0.057" classname="com.jbk.owp.test.LoginPageTest"/>
  <testcase name="verifyloginsesion" time="0.031" classname="com.jbk.owp.test.LoginPageTest"/>
  <testcase name="verifyPlaceHolderUsername" time="0.046" classname="com.jbk.owp.test.LoginPageTest"/>
  <testcase name="verifyPlaceHolderPassword" time="0.023" classname="com.jbk.owp.test.LoginPageTest"/>
  <testcase name="verifyButtoncolor" time="0.384" classname="com.jbk.owp.test.LoginPageTest"/>
  <testcase name="verifyLinks" time="0.031" classname="com.jbk.owp.test.LoginPageTest"/>
  <testcase name="Login" time="2.352" classname="com.jbk.owp.test.LoginPageTest"/>
  <testcase name="Login" time="0.397" classname="com.jbk.owp.test.LoginPageTest"/>
  <testcase name="Login" time="0.355" classname="com.jbk.owp.test.LoginPageTest"/>
</testsuite> <!-- com.jbk.owp.test.LoginPageTest -->
