<?xml version="1.0" encoding="UTF-8"?>
<!-- Generated by org.testng.reporters.JUnitReportReporter -->
<testsuite hostname="SUBHASHA-PC" name="com.jbk.owp.test.AddUserPageTest" tests="2" failures="0" timestamp="2 Feb 2020 17:54:48 GMT" time="11.863" errors="0">
  <testcase name="VerifyCancel" time="5.534" classname="com.jbk.owp.test.AddUserPageTest"/>
  <testcase name="Fill_Form" time="6.329" classname="com.jbk.owp.test.AddUserPageTest"/>
</testsuite> <!-- com.jbk.owp.test.AddUserPageTest -->
