<?xml version="1.0" encoding="UTF-8"?>
<!-- Generated by org.testng.reporters.JUnitReportReporter -->
<testsuite skipped="0" hostname="SUBHASHA-PC" name="com.jbk.owp.test.LoginPageTest" tests="11" failures="0" timestamp="15 Jan 2020 12:31:58 GMT" time="3.957" errors="0">
  <testcase name="verifyUrl" time="0.017" classname="com.jbk.owp.test.LoginPageTest"/>
  <testcase name="verifyApplicationTitle" time="0.007" classname="com.jbk.owp.test.LoginPageTest"/>
  <testcase name="verifyTitle" time="0.035" classname="com.jbk.owp.test.LoginPageTest"/>
  <testcase name="verifyloginsesion" time="0.021" classname="com.jbk.owp.test.LoginPageTest"/>
  <testcase name="verifyPlaceHolderUsername" time="0.051" classname="com.jbk.owp.test.LoginPageTest"/>
  <testcase name="verifyPlaceHolderPassword" time="0.025" classname="com.jbk.owp.test.LoginPageTest"/>
  <testcase name="verifyButtoncolor" time="0.144" classname="com.jbk.owp.test.LoginPageTest"/>
  <testcase name="verifyLinks" time="0.032" classname="com.jbk.owp.test.LoginPageTest"/>
  <testcase name="Login" time="0.706" classname="com.jbk.owp.test.LoginPageTest"/>
  <testcase name="Login" time="0.443" classname="com.jbk.owp.test.LoginPageTest"/>
  <testcase name="Login" time="2.476" classname="com.jbk.owp.test.LoginPageTest"/>
</testsuite> <!-- com.jbk.owp.test.LoginPageTest -->
