<?xml version="1.0" encoding="UTF-8"?>
<!-- Generated by org.testng.reporters.JUnitReportReporter -->
<testsuite skipped="0" hostname="SUBHASHA-PC" name="com.jbk.owp.test.RegisterMemberPageTest" tests="9" failures="0" timestamp="12 Jan 2020 13:41:09 GMT" time="5.085" errors="0">
  <testcase name="verifyRegisterMemberlink" time="2.266" classname="com.jbk.owp.test.RegisterMemberPageTest"/>
  <testcase name="verifyHeading" time="0.016" classname="com.jbk.owp.test.RegisterMemberPageTest"/>
  <testcase name="verifyPlaceholderName" time="0.404" classname="com.jbk.owp.test.RegisterMemberPageTest"/>
  <testcase name="verifyPlaceholderMobile" time="0.055" classname="com.jbk.owp.test.RegisterMemberPageTest"/>
  <testcase name="verifyPlaceholderEmail" time="0.051" classname="com.jbk.owp.test.RegisterMemberPageTest"/>
  <testcase name="verifyPlaceholderPassword" time="0.511" classname="com.jbk.owp.test.RegisterMemberPageTest"/>
  <testcase name="verifyRegistermemberBlankinfo" time="0.930" classname="com.jbk.owp.test.RegisterMemberPageTest"/>
  <testcase name="verifyErrorMessageRegistermember" time="0.311" classname="com.jbk.owp.test.RegisterMemberPageTest"/>
  <testcase name="verifyRegisterMemberValidinfo" time="0.541" classname="com.jbk.owp.test.RegisterMemberPageTest"/>
</testsuite> <!-- com.jbk.owp.test.RegisterMemberPageTest -->
