<?xml version="1.0" encoding="UTF-8"?>
<!-- Generated by org.testng.reporters.JUnitReportReporter -->
<testsuite skipped="0" hostname="SUBHASHA-PC" name="com.jbk.owp.test.test2"
	tests="1" failures="0" timestamp="02 Jan 2020 06:13:30 GMT" time="0.002"
	errors="0">
	<testcase name="m1" time="0.002" classname="com.jbk.owp.test.test2" />
</testsuite> <!-- com.jbk.owp.test.test2 -->
