<?xml version="1.0" encoding="UTF-8"?>
<!-- Generated by org.testng.reporters.JUnitReportReporter -->
<testsuite hostname="SUBHASHA-PC" name="com.jbk.owp.test.UsersTest" tests="2" failures="0" timestamp="23 Mar 2020 09:36:10 GMT" time="26.337" errors="0">
  <testcase name="getTableData" time="22.793" classname="com.jbk.owp.test.UsersTest"/>
  <testcase name="VerifyDelete" time="3.544" classname="com.jbk.owp.test.UsersTest"/>
</testsuite> <!-- com.jbk.owp.test.UsersTest -->
